04-Dec-20 02:30:15  - INFO -  * Running on http://127.0.0.1:5000/ (Press CTRL+C to quit)
04-Dec-20 02:30:15  - INFO -  * Restarting with stat
04-Dec-20 02:30:16  - WARNING -  * Debugger is active!
04-Dec-20 02:30:16  - INFO -  * Debugger PIN: 697-525-325
04-Dec-20 02:33:44  - INFO -  * Detected change in '/Users/vidipkhattar/PycharmProjects/CA3_project/CA3_code_package/test/test_app.py', reloading
04-Dec-20 02:33:44  - INFO -  * Restarting with stat
04-Dec-20 02:33:46  - WARNING -  * Debugger is active!
04-Dec-20 02:33:46  - INFO -  * Debugger PIN: 697-525-325
04-Dec-20 02:34:24  - INFO -  * Running on http://127.0.0.1:5000/ (Press CTRL+C to quit)
04-Dec-20 02:34:24  - INFO -  * Restarting with stat
04-Dec-20 02:59:19  - INFO -  * Running on http://127.0.0.1:5000/ (Press CTRL+C to quit)
04-Dec-20 02:59:19  - INFO -  * Restarting with stat
04-Dec-20 02:59:19  - WARNING -  * Debugger is active!
04-Dec-20 02:59:19  - INFO -  * Debugger PIN: 697-525-325
04-Dec-20 02:59:38  - INFO -  * Running on http://127.0.0.1:5000/ (Press CTRL+C to quit)
04-Dec-20 02:59:38  - INFO -  * Restarting with stat
04-Dec-20 02:59:39  - WARNING -  * Debugger is active!
04-Dec-20 02:59:39  - INFO -  * Debugger PIN: 697-525-325
04-Dec-20 03:00:08  - INFO -  * Detected change in '/Users/vidipkhattar/PycharmProjects/CA3_project/CA3_code_package/main.py', reloading
04-Dec-20 03:00:08  - INFO -  * Restarting with stat
04-Dec-20 03:00:10  - WARNING -  * Debugger is active!
04-Dec-20 03:00:10  - INFO -  * Debugger PIN: 697-525-325
